<?xml version="1.0" encoding="UTF-8"?>
<testng-results ignored="0" total="1" passed="1" failed="0" skipped="0">
  <reporter-output>
  </reporter-output>
  <suite started-at="2023-08-01T07:37:19 ACST" name="Surefire suite" finished-at="2023-08-01T07:37:28 ACST" duration-ms="8553">
    <groups>
    </groups>
    <test started-at="2023-08-01T07:37:19 ACST" name="Surefire test" finished-at="2023-08-01T07:37:28 ACST" duration-ms="8553">
      <class name="com.herokuapp.theinternet.login.LoginTests">
        <test-method signature="positiveLoginTest()[pri:0, instance:com.herokuapp.theinternet.login.LoginTests@223f3642]" started-at="2023-08-01T07:37:19 ACST" name="positiveLoginTest" finished-at="2023-08-01T07:37:27 ACST" duration-ms="8497" status="PASS">
          <reporter-output>
          </reporter-output>
        </test-method> <!-- positiveLoginTest -->
      </class> <!-- com.herokuapp.theinternet.login.LoginTests -->
    </test> <!-- Surefire test -->
  </suite> <!-- Surefire suite -->
</testng-results>
